<?xml version="1.0" encoding="UTF-8"?>
<!-- Generated by org.testng.reporters.JUnitXMLReporter -->
<testsuite hostname="Test" name="Validating editable fields" tests="11" failures="0" timestamp="19 Jul 2016 13:20:08 GMT" time="0.51" errors="0">
  <testcase name="dropdownValidationTest" time="0.022" classname="com.selenium.thoughtworks.marsair.validation.validationTest">
    <skipped/>
  </testcase> <!-- dropdownValidationTest -->
  <testcase name="dropdownValidationTest" time="0.012" classname="com.selenium.thoughtworks.marsair.validation.validationTest">
    <skipped/>
  </testcase> <!-- dropdownValidationTest -->
  <testcase name="fieldValidationTest" time="0.02" classname="com.selenium.thoughtworks.marsair.validation.validationTest">
    <skipped/>
  </testcase> <!-- fieldValidationTest -->
  <testcase name="fieldValidationTest" time="0.032" classname="com.selenium.thoughtworks.marsair.validation.validationTest">
    <skipped/>
  </testcase> <!-- fieldValidationTest -->
  <testcase name="fieldValidationTest" time="0.019" classname="com.selenium.thoughtworks.marsair.validation.validationTest">
    <skipped/>
  </testcase> <!-- fieldValidationTest -->
  <testcase name="fieldValidationTest" time="0.011" classname="com.selenium.thoughtworks.marsair.validation.validationTest">
    <skipped/>
  </testcase> <!-- fieldValidationTest -->
  <testcase name="labelValidationTest" time="0.051" classname="com.selenium.thoughtworks.marsair.validation.validationTest">
    <skipped/>
  </testcase> <!-- labelValidationTest -->
  <testcase name="labelValidationTest" time="0.03" classname="com.selenium.thoughtworks.marsair.validation.validationTest">
    <skipped/>
  </testcase> <!-- labelValidationTest -->
  <testcase name="labelValidationTest" time="0.022" classname="com.selenium.thoughtworks.marsair.validation.validationTest">
    <skipped/>
  </testcase> <!-- labelValidationTest -->
  <testcase name="linkNavigateToHomePageTest" time="0.016" classname="com.selenium.thoughtworks.marsair.validation.validationTest">
    <skipped/>
  </testcase> <!-- linkNavigateToHomePageTest -->
  <testcase name="linkNavigateToHomePageTest" time="0.066" classname="com.selenium.thoughtworks.marsair.validation.validationTest">
    <skipped/>
  </testcase> <!-- linkNavigateToHomePageTest -->
</testsuite> <!-- Validating editable fields -->
