<?xml version="1.0" encoding="UTF-8"?>
<!-- Generated by org.testng.reporters.JUnitXMLReporter -->
<testsuite hostname="Test" name="Test 1" tests="6" failures="0" timestamp="16 Jul 2016 23:29:49 GMT" time="109.411" errors="0">
  <testcase name="ticketBookingTest" time="8.332" classname="com.selenium.thoughtworks.marsair.bookticket.TicketBookingTest"/>
  <testcase name="ticketBookingTest" time="6.12" classname="com.selenium.thoughtworks.marsair.bookticket.TicketBookingTest"/>
  <testcase name="ticketBookingTest" time="6.959" classname="com.selenium.thoughtworks.marsair.bookticket.TicketBookingTest"/>
  <testcase name="ticketBookingTest" time="5.685" classname="com.selenium.thoughtworks.marsair.bookticket.TicketBookingTest"/>
  <testcase name="ticketBookingTest" time="35.98" classname="com.selenium.thoughtworks.marsair.bookticket.TicketBookingTest"/>
  <testcase name="ticketBookingTest" time="35.839" classname="com.selenium.thoughtworks.marsair.bookticket.TicketBookingTest"/>
</testsuite> <!-- Test 1 -->
