<?xml version="1.0" encoding="UTF-8"?>
<!-- Generated by org.testng.reporters.JUnitXMLReporter -->
<testsuite hostname="Test" name="Ticket booking Test" tests="7" failures="0" timestamp="19 Jul 2016 13:20:08 GMT" time="15.643" errors="0">
  <testcase name="ticketBookingTest" time="13.405" classname="com.selenium.thoughtworks.marsair.bookticket.TicketBookingTest"/>
  <testcase name="ticketBookingTest" time="0.026" classname="com.selenium.thoughtworks.marsair.bookticket.TicketBookingTest">
    <skipped/>
  </testcase> <!-- ticketBookingTest -->
  <testcase name="ticketBookingTest" time="0.062" classname="com.selenium.thoughtworks.marsair.bookticket.TicketBookingTest">
    <skipped/>
  </testcase> <!-- ticketBookingTest -->
  <testcase name="ticketBookingTest" time="0.023" classname="com.selenium.thoughtworks.marsair.bookticket.TicketBookingTest">
    <skipped/>
  </testcase> <!-- ticketBookingTest -->
  <testcase name="ticketBookingTest" time="0.026" classname="com.selenium.thoughtworks.marsair.bookticket.TicketBookingTest">
    <skipped/>
  </testcase> <!-- ticketBookingTest -->
  <testcase name="ticketBookingTest" time="0.019" classname="com.selenium.thoughtworks.marsair.bookticket.TicketBookingTest">
    <skipped/>
  </testcase> <!-- ticketBookingTest -->
  <testcase name="ticketBookingTest" time="0.023" classname="com.selenium.thoughtworks.marsair.bookticket.TicketBookingTest">
    <skipped/>
  </testcase> <!-- ticketBookingTest -->
</testsuite> <!-- Ticket booking Test -->
