<?xml version="1.0" encoding="UTF-8" ?>
<testsuite tests="18" failures="5" name="TestSuite" time="205.162" errors="0" skipped="0">
  <properties>
[...]
</properties>
  <testcase classname="com.selenium.thoughtworks.marsair.bookticket.TicketBookingTest" name="ticketBookingTest" time="6.91"/>
  <testcase classname="com.selenium.thoughtworks.marsair.bookticket.TicketBookingTest" name="ticketBookingTest" time="4.976"/>
  <testcase classname="com.selenium.thoughtworks.marsair.bookticket.TicketBookingTest" name="ticketBookingTest" time="4.947"/>
  <testcase classname="com.selenium.thoughtworks.marsair.bookticket.TicketBookingTest" name="ticketBookingTest" time="4.614"/>
  <testcase classname="com.selenium.thoughtworks.marsair.bookticket.TicketBookingTest" name="ticketBookingTest" time="34.961"/>
  <testcase classname="com.selenium.thoughtworks.marsair.bookticket.TicketBookingTest" name="ticketBookingTest" time="34.492"/>
  <testcase classname="com.selenium.thoughtworks.marsair.bookticket.TicketBookingTest" name="ticketBookingTest" time="4.925">
    <failure message="Proper message is not displayed for VALID promotional code expected [true] but found [false]" type="java.lang.AssertionError">java.lang.AssertionError: Proper message is not displayed for VALID promotional code expected [true] but found [false]
	at org.testng.Assert.fail(Assert.java:94)
	at org.testng.Assert.failNotEquals(Assert.java:513)
	at org.testng.Assert.assertTrue(Assert.java:42)
	at com.selenium.thoughtworks.marsair.bookticket.TicketBookingTest.ticketBookingTest(TicketBookingTest.java:42)
</failure>
    <system-out>valid promotional code
</system-out>
    <system-err>Starting ChromeDriver 2.21.371459 (36d3d07f660ff2bc1bf28a75d1cdabed0983e7c4) on port 25626
Only local connections are allowed.
</system-err>
  </testcase>
  <testcase classname="com.selenium.thoughtworks.marsair.validation.validationTest" name="dropdownValidationTest" time="6.464"/>
  <testcase classname="com.selenium.thoughtworks.marsair.validation.validationTest" name="dropdownValidationTest" time="6.584"/>
  <testcase classname="com.selenium.thoughtworks.marsair.validation.validationTest" name="fieldValidationTest" time="4.385"/>
  <testcase classname="com.selenium.thoughtworks.marsair.validation.validationTest" name="fieldValidationTest" time="4.488"/>
  <testcase classname="com.selenium.thoughtworks.marsair.validation.validationTest" name="fieldValidationTest" time="4.396"/>
  <testcase classname="com.selenium.thoughtworks.marsair.validation.validationTest" name="fieldValidationTest" time="4.252"/>
  <testcase classname="com.selenium.thoughtworks.marsair.validation.validationTest" name="labelValidationTest" time="3.442">
    <failure message="Departure - Label not displayed correctly expected [true] but found [false]" type="java.lang.AssertionError">java.lang.AssertionError: Departure - Label not displayed correctly expected [true] but found [false]
	at org.testng.Assert.fail(Assert.java:94)
	at org.testng.Assert.failNotEquals(Assert.java:513)
	at org.testng.Assert.assertTrue(Assert.java:42)
	at com.selenium.thoughtworks.marsair.validation.validationTest.labelValidationTest(validationTest.java:48)
</failure>
    <system-err>Starting ChromeDriver 2.21.371459 (36d3d07f660ff2bc1bf28a75d1cdabed0983e7c4) on port 36658
Only local connections are allowed.
</system-err>
  </testcase>
  <testcase classname="com.selenium.thoughtworks.marsair.validation.validationTest" name="labelValidationTest" time="3.395">
    <failure message="Arrival - Label not displayed correctly expected [true] but found [false]" type="java.lang.AssertionError">java.lang.AssertionError: Arrival - Label not displayed correctly expected [true] but found [false]
	at org.testng.Assert.fail(Assert.java:94)
	at org.testng.Assert.failNotEquals(Assert.java:513)
	at org.testng.Assert.assertTrue(Assert.java:42)
	at com.selenium.thoughtworks.marsair.validation.validationTest.labelValidationTest(validationTest.java:48)
</failure>
    <system-err>Starting ChromeDriver 2.21.371459 (36d3d07f660ff2bc1bf28a75d1cdabed0983e7c4) on port 18293
Only local connections are allowed.
</system-err>
  </testcase>
  <testcase classname="com.selenium.thoughtworks.marsair.validation.validationTest" name="labelValidationTest" time="3.467">
    <failure message="Promo Code - Label not displayed correctly expected [true] but found [false]" type="java.lang.AssertionError">java.lang.AssertionError: Promo Code - Label not displayed correctly expected [true] but found [false]
	at org.testng.Assert.fail(Assert.java:94)
	at org.testng.Assert.failNotEquals(Assert.java:513)
	at org.testng.Assert.assertTrue(Assert.java:42)
	at com.selenium.thoughtworks.marsair.validation.validationTest.labelValidationTest(validationTest.java:48)
</failure>
    <system-err>Starting ChromeDriver 2.21.371459 (36d3d07f660ff2bc1bf28a75d1cdabed0983e7c4) on port 11505
Only local connections are allowed.
</system-err>
  </testcase>
  <testcase classname="com.selenium.thoughtworks.marsair.validation.validationTest" name="linkNavigateToHomePageTest" time="34.525"/>
  <testcase classname="com.selenium.thoughtworks.marsair.validation.validationTest" name="linkNavigateToHomePageTest" time="33.939">
    <failure message="&quot;Book a ticket to the red planet now!&quot; link is not present on search results page expected [true] but found [false]" type="java.lang.AssertionError">java.lang.AssertionError: &quot;Book a ticket to the red planet now!&quot; link is not present on search results page expected [true] but found [false]
	at org.testng.Assert.fail(Assert.java:94)
	at org.testng.Assert.failNotEquals(Assert.java:513)
	at org.testng.Assert.assertTrue(Assert.java:42)
	at com.selenium.thoughtworks.marsair.validation.validationTest.linkNavigateToHomePageTest(validationTest.java:62)
</failure>
    <system-err>Starting ChromeDriver 2.21.371459 (36d3d07f660ff2bc1bf28a75d1cdabed0983e7c4) on port 9554
Only local connections are allowed.
</system-err>
  </testcase>
</testsuite>